TpTrace Verbose: 0 : 29704, 1, 2023/03/05, 18:50:38.780, 2626777559090, datacollector.dll, Version: 17.3.0-release-20220708-01
TpTrace Information: 0 : 29704, 1, 2023/03/05, 18:50:38.784, 2626777601843, datacollector.dll, DataCollectorMain.Run: Starting data collector run with args: --port,51985,--parentprocessid,3204,--diag,D:\Training\Programming\TDD\ArithmeticsTests\ArithmeticsTests\bin\Debug\net6.0\fine-code-coverage\coverage-tool-output\diagnostics.datacollector.23-03-05_18-50-38_68762_1.log,--tracelevel,4
TpTrace Information: 0 : 29704, 1, 2023/03/05, 18:50:38.784, 2626777602717, datacollector.dll, DataCollector: Monitoring parent process with id: '3204'
TpTrace Information: 0 : 29704, 1, 2023/03/05, 18:50:38.788, 2626777640032, datacollector.dll, Trying to connect to server on socket : 127.0.0.1:51985 
TpTrace Verbose: 0 : 29704, 1, 2023/03/05, 18:50:38.793, 2626777696030, datacollector.dll, SocketCommunicationManager : SetupClientAsync : Attempting to connect to the server.
TpTrace Information: 0 : 29704, 8, 2023/03/05, 18:50:38.801, 2626777772662, datacollector.dll, Connected to the server successfully 
TpTrace Information: 0 : 29704, 8, 2023/03/05, 18:50:38.801, 2626777773225, datacollector.dll, Using the buffer size of 16384 bytes
TpTrace Information: 0 : 29704, 1, 2023/03/05, 18:50:38.852, 2626778285566, datacollector.dll, DataCollector: Start Request Processing.
TpTrace Verbose: 0 : 29704, 1, 2023/03/05, 18:50:38.852, 2626778287176, datacollector.dll, SocketCommunicationManager.WaitForServerConnection took: 0 ms, with 90000 ms timeout, and finished with True.
TpTrace Information: 0 : 29704, 1, 2023/03/05, 18:50:38.853, 2626778289668, datacollector.dll, DataCollectionRequestHandler.ProcessRequests: Datacollector received message: (DataCollection.BeforeTestRunStart) -> {"MessageType":"DataCollection.BeforeTestRunStart","Payload":{"SettingsXml":"<RunSettings><RunConfiguration><ResultsDirectory>D:\\Training\\Programming\\TDD\\ArithmeticsTests\\ArithmeticsTests\\bin\\Debug\\net6.0\\fine-code-coverage\\coverage-tool-output</ResultsDirectory><TargetPlatform>X64</TargetPlatform><TargetFrameworkVersion>.NETCoreApp,Version=v6.0</TargetFrameworkVersion><DesignMode>False</DesignMode><CollectSourceInformation>False</CollectSourceInformation><TestAdaptersPaths>C:\\Program Files\\dotnet\\sdk\\6.0.400\\Extensions</TestAdaptersPaths></RunConfiguration><LoggerRunSettings><Loggers><Logger friendlyName=\"blame\" enabled=\"True\" /><Logger friendlyName=\"Console\" uri=\"logger://microsoft/TestPlatform/ConsoleLogger/v1\" assemblyQualifiedName=\"Microsoft.VisualStudio.TestPlatform.CommandLine.Internal.ConsoleLogger, vstest.console, Version=15.0.0.0, Culture=neutral, PublicKeyToken=b03f5f7f11d50a3a\" codeBase=\"C:\\Program Files\\dotnet\\sdk\\6.0.400\\vstest.console.dll\" enabled=\"True\" /></Loggers></LoggerRunSettings><DataCollectionRunSettings><DataCollectors><DataCollector friendlyName=\"blame\" enabled=\"True\"><Configuration><ResultsDirectory>D:\\Training\\Programming\\TDD\\ArithmeticsTests\\ArithmeticsTests\\bin\\Debug\\net6.0\\fine-code-coverage\\coverage-tool-output</ResultsDirectory></Configuration></DataCollector></DataCollectors></DataCollectionRunSettings></RunSettings>","Sources":["D:\\Training\\Programming\\TDD\\ArithmeticsTests\\ArithmeticsTests\\bin\\Debug\\net6.0\\fine-code-coverage\\build-output\\ArithmeticsTests.dll"],"IsTelemetryOptedIn":false}}
TpTrace Verbose: 0 : 29704, 1, 2023/03/05, 18:50:38.883, 2626778594947, datacollector.dll, TestPluginCache: Update extensions started. Skip filter = False
TpTrace Verbose: 0 : 29704, 1, 2023/03/05, 18:50:38.884, 2626778600242, datacollector.dll, TestPluginCache: Using directories for assembly resolution 'C:\Program Files\dotnet\sdk\6.0.400\Extensions'.
TpTrace Verbose: 0 : 29704, 1, 2023/03/05, 18:50:38.884, 2626778600779, datacollector.dll, TestPluginCache: Updated the available extensions to 'C:\Program Files\dotnet\sdk\6.0.400\Extensions\Microsoft.TestPlatform.Extensions.BlameDataCollector.dll,C:\Program Files\dotnet\sdk\6.0.400\Extensions\Microsoft.TestPlatform.Extensions.EventLogCollector.dll'.
TpTrace Verbose: 0 : 29704, 1, 2023/03/05, 18:50:38.888, 2626778646746, datacollector.dll, TestPluginCache.DiscoverTestExtensions: finding test extensions in assemblies ends with: Collector.dll TPluginInfo: Microsoft.VisualStudio.TestPlatform.Common.DataCollector.DataCollectorConfig TExtension: Microsoft.VisualStudio.TestPlatform.ObjectModel.DataCollection.DataCollector
TpTrace Verbose: 0 : 29704, 1, 2023/03/05, 18:50:38.889, 2626778648024, datacollector.dll, TestPluginCache.GetExtensionPaths: Filtered extension paths: C:\Program Files\dotnet\sdk\6.0.400\Extensions\Microsoft.TestPlatform.Extensions.BlameDataCollector.dll
C:\Program Files\dotnet\sdk\6.0.400\Extensions\Microsoft.TestPlatform.Extensions.EventLogCollector.dll
TpTrace Verbose: 0 : 29704, 1, 2023/03/05, 18:50:38.889, 2626778648359, datacollector.dll, TestPluginCache.GetExtensionPaths: Added default extension paths: 
TpTrace Verbose: 0 : 29704, 1, 2023/03/05, 18:50:38.889, 2626778648627, datacollector.dll, TestPluginCache.GetExtensionPaths: Added unfilterableExtensionPaths: 
TpTrace Information: 0 : 29704, 1, 2023/03/05, 18:50:38.889, 2626778652916, datacollector.dll, AssemblyResolver.ctor: Creating AssemblyResolver with searchDirectories C:\Program Files\dotnet\sdk\6.0.400\Extensions,C:\Program Files\dotnet\sdk\6.0.400
TpTrace Verbose: 0 : 29704, 1, 2023/03/05, 18:50:38.890, 2626778663116, datacollector.dll, TestPluginCache.DiscoverTestExtensions: Discovering the extensions using extension path.
TpTrace Verbose: 0 : 29704, 1, 2023/03/05, 18:50:38.890, 2626778664171, datacollector.dll, TestPluginCache.GetExtensionPaths: Filtered extension paths: C:\Program Files\dotnet\sdk\6.0.400\Extensions\Microsoft.TestPlatform.Extensions.BlameDataCollector.dll
C:\Program Files\dotnet\sdk\6.0.400\Extensions\Microsoft.TestPlatform.Extensions.EventLogCollector.dll
TpTrace Verbose: 0 : 29704, 1, 2023/03/05, 18:50:38.890, 2626778664504, datacollector.dll, TestPluginCache.GetExtensionPaths: Added default extension paths: 
TpTrace Verbose: 0 : 29704, 1, 2023/03/05, 18:50:38.890, 2626778664712, datacollector.dll, TestPluginCache.GetExtensionPaths: Added unfilterableExtensionPaths: 
TpTrace Verbose: 0 : 29704, 1, 2023/03/05, 18:50:38.890, 2626778665045, datacollector.dll, TestPluginCache.DiscoverTestExtensions: Discovering the extensions using allExtensionPaths: C:\Program Files\dotnet\sdk\6.0.400\Extensions\Microsoft.TestPlatform.Extensions.BlameDataCollector.dll
C:\Program Files\dotnet\sdk\6.0.400\Extensions\Microsoft.TestPlatform.Extensions.EventLogCollector.dll
TpTrace Information: 0 : 29704, 1, 2023/03/05, 18:50:38.890, 2626778665878, datacollector.dll, AssemblyResolver.AddSearchDirectories: Adding more searchDirectories C:\Program Files\dotnet\sdk\6.0.400\Extensions,C:\Program Files\dotnet\sdk\6.0.400
TpTrace Information: 0 : 29704, 1, 2023/03/05, 18:50:38.890, 2626778666257, datacollector.dll, AssemblyResolver.AddSearchDirectories: Adding more searchDirectories C:\Program Files\dotnet\sdk\6.0.400\Extensions,C:\Program Files\dotnet\sdk\6.0.400
TpTrace Information: 0 : 29704, 1, 2023/03/05, 18:50:38.891, 2626778668954, datacollector.dll, AssemblyResolver.OnResolve: Microsoft.TestPlatform.Extensions.BlameDataCollector: Resolving assembly.
TpTrace Information: 0 : 29704, 1, 2023/03/05, 18:50:38.891, 2626778669496, datacollector.dll, AssemblyResolver.OnResolve: Microsoft.TestPlatform.Extensions.BlameDataCollector: Searching in: 'C:\Program Files\dotnet\sdk\6.0.400\Extensions'.
TpTrace Information: 0 : 29704, 1, 2023/03/05, 18:50:38.891, 2626778672495, datacollector.dll, AssemblyResolver.OnResolve: Microsoft.TestPlatform.Extensions.BlameDataCollector: Loading assembly 'C:\Program Files\dotnet\sdk\6.0.400\Extensions\Microsoft.TestPlatform.Extensions.BlameDataCollector.dll'.
TpTrace Information: 0 : 29704, 1, 2023/03/05, 18:50:38.891, 2626778675883, datacollector.dll, AssemblyResolver.OnResolve: Resolved assembly: Microsoft.TestPlatform.Extensions.BlameDataCollector, from path: C:\Program Files\dotnet\sdk\6.0.400\Extensions\Microsoft.TestPlatform.Extensions.BlameDataCollector.dll
TpTrace Verbose: 0 : 29704, 1, 2023/03/05, 18:50:38.895, 2626778712364, datacollector.dll, MetadataReaderExtensionsHelper: Discovering extensions inside assembly 'Microsoft.TestPlatform.Extensions.BlameDataCollector, Version=15.0.0.0, Culture=neutral, PublicKeyToken=b03f5f7f11d50a3a' file path 'C:\Program Files\dotnet\sdk\6.0.400\Extensions\Microsoft.TestPlatform.Extensions.BlameDataCollector.dll'
TpTrace Error: 0 : 29704, 1, 2023/03/05, 18:50:38.902, 2626778777417, datacollector.dll, The type "Microsoft.TestPlatform.Extensions.BlameDataCollector.BlameCollector" defined in "Microsoft.TestPlatform.Extensions.BlameDataCollector.dll" does not have ExtensionUri attribute.
TpTrace Information: 0 : 29704, 1, 2023/03/05, 18:50:38.902, 2626778784757, datacollector.dll, GetTestExtensionFromType: Register extension with identifier data 'datacollector://microsoft/TestPlatform/Extensions/Blame/v1' and type 'Microsoft.TestPlatform.Extensions.BlameDataCollector.BlameCollector, Microsoft.TestPlatform.Extensions.BlameDataCollector, Version=15.0.0.0, Culture=neutral, PublicKeyToken=b03f5f7f11d50a3a' inside file 'C:\Program Files\dotnet\sdk\6.0.400\Extensions\Microsoft.TestPlatform.Extensions.BlameDataCollector.dll'
TpTrace Information: 0 : 29704, 1, 2023/03/05, 18:50:38.902, 2626778785625, datacollector.dll, AssemblyResolver.OnResolve: Microsoft.TestPlatform.Extensions.EventLogCollector: Resolving assembly.
TpTrace Information: 0 : 29704, 1, 2023/03/05, 18:50:38.902, 2626778785969, datacollector.dll, AssemblyResolver.OnResolve: Microsoft.TestPlatform.Extensions.EventLogCollector: Searching in: 'C:\Program Files\dotnet\sdk\6.0.400\Extensions'.
TpTrace Information: 0 : 29704, 1, 2023/03/05, 18:50:38.903, 2626778788137, datacollector.dll, AssemblyResolver.OnResolve: Microsoft.TestPlatform.Extensions.EventLogCollector: Loading assembly 'C:\Program Files\dotnet\sdk\6.0.400\Extensions\Microsoft.TestPlatform.Extensions.EventLogCollector.dll'.
TpTrace Information: 0 : 29704, 1, 2023/03/05, 18:50:38.903, 2626778790820, datacollector.dll, AssemblyResolver.OnResolve: Resolved assembly: Microsoft.TestPlatform.Extensions.EventLogCollector, from path: C:\Program Files\dotnet\sdk\6.0.400\Extensions\Microsoft.TestPlatform.Extensions.EventLogCollector.dll
TpTrace Verbose: 0 : 29704, 1, 2023/03/05, 18:50:38.903, 2626778791416, datacollector.dll, MetadataReaderExtensionsHelper: Discovering extensions inside assembly 'Microsoft.TestPlatform.Extensions.EventLogCollector, Version=15.0.0.0, Culture=neutral, PublicKeyToken=b03f5f7f11d50a3a' file path 'C:\Program Files\dotnet\sdk\6.0.400\Extensions\Microsoft.TestPlatform.Extensions.EventLogCollector.dll'
TpTrace Error: 0 : 29704, 1, 2023/03/05, 18:50:38.904, 2626778804086, datacollector.dll, The type "Microsoft.TestPlatform.Extensions.EventLogCollector.EventLogDataCollector" defined in "Microsoft.TestPlatform.Extensions.EventLogCollector.dll" does not have ExtensionUri attribute.
TpTrace Information: 0 : 29704, 1, 2023/03/05, 18:50:38.904, 2626778805196, datacollector.dll, GetTestExtensionFromType: Register extension with identifier data 'datacollector://microsoft/EventLog/2.0' and type 'Microsoft.TestPlatform.Extensions.EventLogCollector.EventLogDataCollector, Microsoft.TestPlatform.Extensions.EventLogCollector, Version=15.0.0.0, Culture=neutral, PublicKeyToken=b03f5f7f11d50a3a' inside file 'C:\Program Files\dotnet\sdk\6.0.400\Extensions\Microsoft.TestPlatform.Extensions.EventLogCollector.dll'
TpTrace Verbose: 0 : 29704, 1, 2023/03/05, 18:50:38.904, 2626778806811, datacollector.dll, TestPluginCache: Discovered the extensions using extension path 'C:\Program Files\dotnet\sdk\6.0.400\Extensions\Microsoft.TestPlatform.Extensions.BlameDataCollector.dll,C:\Program Files\dotnet\sdk\6.0.400\Extensions\Microsoft.TestPlatform.Extensions.EventLogCollector.dll'.
TpTrace Verbose: 0 : 29704, 1, 2023/03/05, 18:50:38.904, 2626778807194, datacollector.dll, TestPluginCache: Discoverers are ''.
TpTrace Verbose: 0 : 29704, 1, 2023/03/05, 18:50:38.905, 2626778807409, datacollector.dll, TestPluginCache: Executors are ''.
TpTrace Verbose: 0 : 29704, 1, 2023/03/05, 18:50:38.905, 2626778807637, datacollector.dll, TestPluginCache: Executors2 are ''.
TpTrace Verbose: 0 : 29704, 1, 2023/03/05, 18:50:38.905, 2626778807839, datacollector.dll, TestPluginCache: Setting providers are ''.
TpTrace Verbose: 0 : 29704, 1, 2023/03/05, 18:50:38.905, 2626778808027, datacollector.dll, TestPluginCache: Loggers are ''.
TpTrace Verbose: 0 : 29704, 1, 2023/03/05, 18:50:38.905, 2626778808723, datacollector.dll, TestPluginCache: TestHosts are ''.
TpTrace Verbose: 0 : 29704, 1, 2023/03/05, 18:50:38.905, 2626778811188, datacollector.dll, TestPluginCache: DataCollectors are 'datacollector://microsoft/TestPlatform/Extensions/Blame/v1,datacollector://microsoft/EventLog/2.0'.
TpTrace Information: 0 : 29704, 1, 2023/03/05, 18:50:38.906, 2626778818612, datacollector.dll, TestPluginManager.CreateTestExtension: Attempting to load test extension: Microsoft.TestPlatform.Extensions.BlameDataCollector.BlameCollector
TpTrace Verbose: 0 : 29704, 1, 2023/03/05, 18:50:38.910, 2626778864297, datacollector.dll, MulticastDelegateUtilities.SafeInvoke: DataCollectionEvents.SessionStart: Invoking callbacks was skipped because there are no subscribers.
TpTrace Information: 0 : 29704, 1, 2023/03/05, 18:50:38.911, 2626778875948, datacollector.dll, Listening on Endpoint : 127.0.0.1:51987
TpTrace Information: 0 : 29704, 1, 2023/03/05, 18:50:38.918, 2626778943509, datacollector.dll, DataCollectionRequestHandler.ProcessRequests : DataCollection started.
TpTrace Information: 0 : 29704, 1, 2023/03/05, 18:50:38.930, 2626779057537, datacollector.dll, DataCollectionRequestHandler.ProcessRequests: Datacollector received message: (DataCollection.TestHostLaunched) -> {"MessageType":"DataCollection.TestHostLaunched","Payload":{"ProcessId":21896}}
TpTrace Verbose: 0 : 29704, 1, 2023/03/05, 18:50:38.930, 2626779066858, datacollector.dll, MulticastDelegateUtilities.SafeInvoke: DataCollectionEvents.TestHostLaunched: Invoking callback 1/1 for Microsoft.TestPlatform.Extensions.BlameDataCollector.BlameCollector.TestHostLaunchedHandler, took 0 ms.
TpTrace Verbose: 0 : 29704, 8, 2023/03/05, 18:50:39.048, 2626780246119, datacollector.dll, SocketCommunicationManager.WaitForClientConnection took: 133 ms, with 90000 ms timeout, and finished with True.
TpTrace Information: 0 : 29704, 5, 2023/03/05, 18:50:39.048, 2626780246007, datacollector.dll, Using the buffer size of 16384 bytes
TpTrace Information: 0 : 29704, 5, 2023/03/05, 18:50:39.049, 2626780247644, datacollector.dll, Accepted Client request and set the flag
TpTrace Information: 0 : 29704, 8, 2023/03/05, 18:50:39.488, 2626784646485, datacollector.dll, DataCollectionTestCaseEventHandler: Test case starting.
TpTrace Information: 0 : 29704, 8, 2023/03/05, 18:50:39.497, 2626784736930, datacollector.dll, BlameCollector.EventsTestCaseStart: Test Case Start
TpTrace Verbose: 0 : 29704, 8, 2023/03/05, 18:50:39.498, 2626784738700, datacollector.dll, MulticastDelegateUtilities.SafeInvoke: DataCollectionEvents.TestCaseStart: Invoking callback 1/1 for Microsoft.TestPlatform.Extensions.BlameDataCollector.BlameCollector.EventsTestCaseStart, took 0 ms.
TpTrace Information: 0 : 29704, 8, 2023/03/05, 18:50:39.498, 2626784740428, datacollector.dll, DataCollectionTestCaseEventHandler: Test case 'OnlyParenthesis - 544f3851-46cc-dfbd-0503-9ce2a483d0b7' started.
TpTrace Information: 0 : 29704, 8, 2023/03/05, 18:50:39.508, 2626784843435, datacollector.dll, DataCollectionTestCaseEventHandler: Test case completing.
TpTrace Information: 0 : 29704, 8, 2023/03/05, 18:50:39.510, 2626784865631, datacollector.dll, BlameCollector.EventsTestCaseEnd: Test Case End
TpTrace Verbose: 0 : 29704, 8, 2023/03/05, 18:50:39.510, 2626784867205, datacollector.dll, MulticastDelegateUtilities.SafeInvoke: DataCollectionEvents.TestCaseEnd: Invoking callback 1/1 for Microsoft.TestPlatform.Extensions.BlameDataCollector.BlameCollector.EventsTestCaseEnd, took 0 ms.
TpTrace Information: 0 : 29704, 8, 2023/03/05, 18:50:39.512, 2626784882817, datacollector.dll, DataCollectionTestCaseEventHandler: Test case 'OnlyParenthesis - 544f3851-46cc-dfbd-0503-9ce2a483d0b7' completed
TpTrace Information: 0 : 29704, 8, 2023/03/05, 18:50:39.526, 2626785023795, datacollector.dll, DataCollectionTestCaseEventHandler: Test session ended
TpTrace Information: 0 : 29704, 1, 2023/03/05, 18:50:39.570, 2626785460197, datacollector.dll, DataCollectionRequestHandler.ProcessRequests: Datacollector received message: (DataCollection.AfterTestRunEnd) -> {"MessageType":"DataCollection.AfterTestRunEnd","Payload":false}
TpTrace Information: 0 : 29704, 1, 2023/03/05, 18:50:39.570, 2626785466723, datacollector.dll, Blame Collector: Session End
TpTrace Information: 0 : 29704, 1, 2023/03/05, 18:50:39.570, 2626785467187, datacollector.dll, BlameCollector.CollectDumpAndAbortTesthost: Custom path to dump directory was provided via VSTEST_DUMP_PATH. Skipping attachment upload, the caller is responsible for collecting and uploading the dumps themselves.
TpTrace Verbose: 0 : 29704, 1, 2023/03/05, 18:50:39.571, 2626785467803, datacollector.dll, MulticastDelegateUtilities.SafeInvoke: DataCollectionEvents.SessionEnd: Invoking callback 1/1 for Microsoft.TestPlatform.Extensions.BlameDataCollector.BlameCollector.SessionEndedHandler, took 0 ms.
TpTrace Information: 0 : 29704, 1, 2023/03/05, 18:50:39.571, 2626785472183, datacollector.dll, DataCollectionManager.CleanupPlugins: CleanupPlugins called
TpTrace Verbose: 0 : 29704, 1, 2023/03/05, 18:50:39.571, 2626785472619, datacollector.dll, DataCollectionManager.CleanupPlugins: Cleaning up 1 plugins
TpTrace Verbose: 0 : 29704, 1, 2023/03/05, 18:50:39.571, 2626785473304, datacollector.dll, dataCollectorInfo.DisposeDataCollector: calling Dispose() on Microsoft.TestPlatform.Extensions.BlameDataCollector.BlameCollector
TpTrace Information: 0 : 29704, 1, 2023/03/05, 18:50:39.571, 2626785473791, datacollector.dll, DataCollectionManager.CleanupPlugins: CleanupPlugins finished
TpTrace Information: 0 : 29704, 1, 2023/03/05, 18:50:39.575, 2626785509347, datacollector.dll, DataCollectionRequestHandler.ProcessRequests : Session End message received from server. Closing the connection.
TpTrace Information: 0 : 29704, 1, 2023/03/05, 18:50:39.575, 2626785510915, datacollector.dll, Closing the connection !
TpTrace Information: 0 : 29704, 1, 2023/03/05, 18:50:39.575, 2626785511250, datacollector.dll, DataCollectionRequestHandler.ProcessRequests : DataCollection completed
TpTrace Information: 0 : 29704, 1, 2023/03/05, 18:50:39.575, 2626785511567, datacollector.dll, Program.Main: exiting datacollector process.
